Copyright 1986-2015 Xilinx, Inc. All Rights Reserved.
------------------------------------------------------------------------------------
| Tool Version : Vivado v.2015.4 (win64) Build 1412921 Wed Nov 18 09:43:45 MST 2015
| Date         : Sun Apr 24 18:03:45 2016
| Host         : Chetan-PC running 64-bit major release  (build 9200)
| Command      : report_io -file sevensegment_io_placed.rpt
| Design       : sevensegment
| Device       : xc7a100t
| Speed File   : -1
| Package      : csg324
------------------------------------------------------------------------------------

IO Information

Table of Contents
-----------------
1. Summary
2. IO Assignments by Package Pin

1. Summary
----------

+---------------+
| Total User IO |
+---------------+
|           130 |
+---------------+


2. IO Assignments by Package Pin
--------------------------------

+------------+----------------+------------+------------------------------+-------------+-------------+---------+------------+------+---------------------+----------------------+---------+------------+-----------+----------+------+------------------+
| Pin Number | Signal Name    | Bank Type  | Pin Name                     | Use         | IO Standard | IO Bank | Drive (mA) | Slew | On-Chip Termination | Off-Chip Termination | Voltage | Constraint | Pull Type | DQS Bias | Vref | Signal Integrity |
+------------+----------------+------------+------------------------------+-------------+-------------+---------+------------+------+---------------------+----------------------+---------+------------+-----------+----------+------+------------------+
| A1         |                | High Range | IO_L9N_T1_DQS_AD7N_35        | User IO     |             |      35 |            |      |                     |                      |         |            |           |          |      |                  |
| A2         |                |            | GND                          | GND         |             |         |            |      |                     |                      |     0.0 |            |           |          |      |                  |
| A3         |                | High Range | IO_L8N_T1_AD14N_35           | User IO     |             |      35 |            |      |                     |                      |         |            |           |          |      |                  |
| A4         |                | High Range | IO_L8P_T1_AD14P_35           | User IO     |             |      35 |            |      |                     |                      |         |            |           |          |      |                  |
| A5         |                | High Range | IO_L3N_T0_DQS_AD5N_35        | User IO     |             |      35 |            |      |                     |                      |         |            |           |          |      |                  |
| A6         |                | High Range | IO_L3P_T0_DQS_AD5P_35        | User IO     |             |      35 |            |      |                     |                      |         |            |           |          |      |                  |
| A7         |                | High Range | VCCO_35                      | VCCO        |             |      35 |            |      |                     |                      |    3.30 |            |           |          |      |                  |
| A8         | reset          | High Range | IO_L12N_T1_MRCC_16           | INPUT       | LVCMOS18*   |      16 |            |      |                     |                 NONE |         | UNFIXED    |           |          |      | NONE             |
| A9         | d7[1]          | High Range | IO_L14N_T2_SRCC_16           | INPUT       | LVCMOS18*   |      16 |            |      |                     |                 NONE |         | UNFIXED    |           |          |      | NONE             |
| A10        | d7[2]          | High Range | IO_L14P_T2_SRCC_16           | INPUT       | LVCMOS18*   |      16 |            |      |                     |                 NONE |         | UNFIXED    |           |          |      | NONE             |
| A11        | digits_out[55] | High Range | IO_L4N_T0_15                 | OUTPUT      | LVCMOS18*   |      15 |         12 | SLOW |                     |            FP_VTT_50 |         | UNFIXED    |           |          |      | NONE             |
| A12        |                |            | GND                          | GND         |             |         |            |      |                     |                      |     0.0 |            |           |          |      |                  |
| A13        | digits_out[46] | High Range | IO_L9P_T1_DQS_AD3P_15        | OUTPUT      | LVCMOS18*   |      15 |         12 | SLOW |                     |            FP_VTT_50 |         | UNFIXED    |           |          |      | NONE             |
| A14        | digits_out[45] | High Range | IO_L9N_T1_DQS_AD3N_15        | OUTPUT      | LVCMOS18*   |      15 |         12 | SLOW |                     |            FP_VTT_50 |         | UNFIXED    |           |          |      | NONE             |
| A15        | digits_out[48] | High Range | IO_L8P_T1_AD10P_15           | OUTPUT      | LVCMOS18*   |      15 |         12 | SLOW |                     |            FP_VTT_50 |         | UNFIXED    |           |          |      | NONE             |
| A16        | digits_out[47] | High Range | IO_L8N_T1_AD10N_15           | OUTPUT      | LVCMOS18*   |      15 |         12 | SLOW |                     |            FP_VTT_50 |         | UNFIXED    |           |          |      | NONE             |
| A17        |                | High Range | VCCO_15                      | VCCO        |             |      15 |            |      |                     |                      |    1.80 |            |           |          |      |                  |
| A18        | digits_out[43] | High Range | IO_L10N_T1_AD11N_15          | OUTPUT      | LVCMOS18*   |      15 |         12 | SLOW |                     |            FP_VTT_50 |         | UNFIXED    |           |          |      | NONE             |
| B1         |                | High Range | IO_L9P_T1_DQS_AD7P_35        | User IO     |             |      35 |            |      |                     |                      |         |            |           |          |      |                  |
| B2         |                | High Range | IO_L10N_T1_AD15N_35          | User IO     |             |      35 |            |      |                     |                      |         |            |           |          |      |                  |
| B3         |                | High Range | IO_L10P_T1_AD15P_35          | User IO     |             |      35 |            |      |                     |                      |         |            |           |          |      |                  |
| B4         |                | High Range | IO_L7N_T1_AD6N_35            | User IO     |             |      35 |            |      |                     |                      |         |            |           |          |      |                  |
| B5         |                |            | GND                          | GND         |             |         |            |      |                     |                      |     0.0 |            |           |          |      |                  |
| B6         |                | High Range | IO_L2N_T0_AD12N_35           | User IO     |             |      35 |            |      |                     |                      |         |            |           |          |      |                  |
| B7         |                | High Range | IO_L2P_T0_AD12P_35           | User IO     |             |      35 |            |      |                     |                      |         |            |           |          |      |                  |
| B8         |                | High Range | IO_L12P_T1_MRCC_16           | User IO     |             |      16 |            |      |                     |                      |         |            |           |          |      |                  |
| B9         |                | High Range | IO_L11N_T1_SRCC_16           | User IO     |             |      16 |            |      |                     |                      |         |            |           |          |      |                  |
| B10        |                | High Range | VCCO_16                      | VCCO        |             |      16 |            |      |                     |                      |    1.80 |            |           |          |      |                  |
| B11        | digits_out[56] | High Range | IO_L4P_T0_15                 | OUTPUT      | LVCMOS18*   |      15 |         12 | SLOW |                     |            FP_VTT_50 |         | UNFIXED    |           |          |      | NONE             |
| B12        | digits_out[57] | High Range | IO_L3N_T0_DQS_AD1N_15        | OUTPUT      | LVCMOS18*   |      15 |         12 | SLOW |                     |            FP_VTT_50 |         | UNFIXED    |           |          |      | NONE             |
| B13        | digits_out[60] | High Range | IO_L2P_T0_AD8P_15            | OUTPUT      | LVCMOS18*   |      15 |         12 | SLOW |                     |            FP_VTT_50 |         | UNFIXED    |           |          |      | NONE             |
| B14        | digits_out[59] | High Range | IO_L2N_T0_AD8N_15            | OUTPUT      | LVCMOS18*   |      15 |         12 | SLOW |                     |            FP_VTT_50 |         | UNFIXED    |           |          |      | NONE             |
| B15        |                |            | GND                          | GND         |             |         |            |      |                     |                      |     0.0 |            |           |          |      |                  |
| B16        | digits_out[50] | High Range | IO_L7P_T1_AD2P_15            | OUTPUT      | LVCMOS18*   |      15 |         12 | SLOW |                     |            FP_VTT_50 |         | UNFIXED    |           |          |      | NONE             |
| B17        | digits_out[49] | High Range | IO_L7N_T1_AD2N_15            | OUTPUT      | LVCMOS18*   |      15 |         12 | SLOW |                     |            FP_VTT_50 |         | UNFIXED    |           |          |      | NONE             |
| B18        | digits_out[44] | High Range | IO_L10P_T1_AD11P_15          | OUTPUT      | LVCMOS18*   |      15 |         12 | SLOW |                     |            FP_VTT_50 |         | UNFIXED    |           |          |      | NONE             |
| C1         |                | High Range | IO_L16N_T2_35                | User IO     |             |      35 |            |      |                     |                      |         |            |           |          |      |                  |
| C2         |                | High Range | IO_L16P_T2_35                | User IO     |             |      35 |            |      |                     |                      |         |            |           |          |      |                  |
| C3         |                | High Range | VCCO_35                      | VCCO        |             |      35 |            |      |                     |                      |    3.30 |            |           |          |      |                  |
| C4         |                | High Range | IO_L7P_T1_AD6P_35            | User IO     |             |      35 |            |      |                     |                      |         |            |           |          |      |                  |
| C5         |                | High Range | IO_L1N_T0_AD4N_35            | User IO     |             |      35 |            |      |                     |                      |         |            |           |          |      |                  |
| C6         |                | High Range | IO_L1P_T0_AD4P_35            | User IO     |             |      35 |            |      |                     |                      |         |            |           |          |      |                  |
| C7         |                | High Range | IO_L4N_T0_35                 | User IO     |             |      35 |            |      |                     |                      |         |            |           |          |      |                  |
| C8         |                |            | GND                          | GND         |             |         |            |      |                     |                      |     0.0 |            |           |          |      |                  |
| C9         |                | High Range | IO_L11P_T1_SRCC_16           | User IO     |             |      16 |            |      |                     |                      |         |            |           |          |      |                  |
| C10        | d7[3]          | High Range | IO_L13N_T2_MRCC_16           | INPUT       | LVCMOS18*   |      16 |            |      |                     |                 NONE |         | UNFIXED    |           |          |      | NONE             |
| C11        | d7[4]          | High Range | IO_L13P_T2_MRCC_16           | INPUT       | LVCMOS18*   |      16 |            |      |                     |                 NONE |         | UNFIXED    |           |          |      | NONE             |
| C12        | digits_out[58] | High Range | IO_L3P_T0_DQS_AD1P_15        | OUTPUT      | LVCMOS18*   |      15 |         12 | SLOW |                     |            FP_VTT_50 |         | UNFIXED    |           |          |      | NONE             |
| C13        |                | High Range | VCCO_15                      | VCCO        |             |      15 |            |      |                     |                      |    1.80 |            |           |          |      |                  |
| C14        | digits_out[61] | High Range | IO_L1N_T0_AD0N_15            | OUTPUT      | LVCMOS18*   |      15 |         12 | SLOW |                     |            FP_VTT_50 |         | UNFIXED    |           |          |      | NONE             |
| C15        | digits_out[39] | High Range | IO_L12N_T1_MRCC_15           | OUTPUT      | LVCMOS18*   |      15 |         12 | SLOW |                     |            FP_VTT_50 |         | UNFIXED    |           |          |      | NONE             |
| C16        | digits_out[24] | High Range | IO_L20P_T3_A20_15            | OUTPUT      | LVCMOS18*   |      15 |         12 | SLOW |                     |            FP_VTT_50 |         | UNFIXED    |           |          |      | NONE             |
| C17        | digits_out[23] | High Range | IO_L20N_T3_A19_15            | OUTPUT      | LVCMOS18*   |      15 |         12 | SLOW |                     |            FP_VTT_50 |         | UNFIXED    |           |          |      | NONE             |
| C18        |                |            | GND                          | GND         |             |         |            |      |                     |                      |     0.0 |            |           |          |      |                  |
| D1         |                |            | GND                          | GND         |             |         |            |      |                     |                      |     0.0 |            |           |          |      |                  |
| D2         |                | High Range | IO_L14N_T2_SRCC_35           | User IO     |             |      35 |            |      |                     |                      |         |            |           |          |      |                  |
| D3         |                | High Range | IO_L12N_T1_MRCC_35           | User IO     |             |      35 |            |      |                     |                      |         |            |           |          |      |                  |
| D4         |                | High Range | IO_L11N_T1_SRCC_35           | User IO     |             |      35 |            |      |                     |                      |         |            |           |          |      |                  |
| D5         |                | High Range | IO_L11P_T1_SRCC_35           | User IO     |             |      35 |            |      |                     |                      |         |            |           |          |      |                  |
| D6         |                | High Range | VCCO_35                      | VCCO        |             |      35 |            |      |                     |                      |    3.30 |            |           |          |      |                  |
| D7         |                | High Range | IO_L6N_T0_VREF_35            | User IO     |             |      35 |            |      |                     |                      |         |            |           |          |      |                  |
| D8         |                | High Range | IO_L4P_T0_35                 | User IO     |             |      35 |            |      |                     |                      |         |            |           |          |      |                  |
| D9         |                | High Range | IO_L6N_T0_VREF_16            | User IO     |             |      16 |            |      |                     |                      |         |            |           |          |      |                  |
| D10        | d7[0]          | High Range | IO_L19N_T3_VREF_16           | INPUT       | LVCMOS18*   |      16 |            |      |                     |                 NONE |         | UNFIXED    |           |          |      | NONE             |
| D11        |                |            | GND                          | GND         |             |         |            |      |                     |                      |     0.0 |            |           |          |      |                  |
| D12        | digits_out[52] | High Range | IO_L6P_T0_15                 | OUTPUT      | LVCMOS18*   |      15 |         12 | SLOW |                     |            FP_VTT_50 |         | UNFIXED    |           |          |      | NONE             |
| D13        | digits_out[51] | High Range | IO_L6N_T0_VREF_15            | OUTPUT      | LVCMOS18*   |      15 |         12 | SLOW |                     |            FP_VTT_50 |         | UNFIXED    |           |          |      | NONE             |
| D14        | digits_out[62] | High Range | IO_L1P_T0_AD0P_15            | OUTPUT      | LVCMOS18*   |      15 |         12 | SLOW |                     |            FP_VTT_50 |         | UNFIXED    |           |          |      | NONE             |
| D15        | digits_out[40] | High Range | IO_L12P_T1_MRCC_15           | OUTPUT      | LVCMOS18*   |      15 |         12 | SLOW |                     |            FP_VTT_50 |         | UNFIXED    |           |          |      | NONE             |
| D16        |                | High Range | VCCO_15                      | VCCO        |             |      15 |            |      |                     |                      |    1.80 |            |           |          |      |                  |
| D17        | digits_out[31] | High Range | IO_L16N_T2_A27_15            | OUTPUT      | LVCMOS18*   |      15 |         12 | SLOW |                     |            FP_VTT_50 |         | UNFIXED    |           |          |      | NONE             |
| D18        | digits_out[21] | High Range | IO_L21N_T3_DQS_A18_15        | OUTPUT      | LVCMOS18*   |      15 |         12 | SLOW |                     |            FP_VTT_50 |         | UNFIXED    |           |          |      | NONE             |
| E1         |                | High Range | IO_L18N_T2_35                | User IO     |             |      35 |            |      |                     |                      |         |            |           |          |      |                  |
| E2         |                | High Range | IO_L14P_T2_SRCC_35           | User IO     |             |      35 |            |      |                     |                      |         |            |           |          |      |                  |
| E3         | clk            | High Range | IO_L12P_T1_MRCC_35           | INPUT       | LVCMOS33    |      35 |            |      |                     |                 NONE |         | FIXED      |           |          |      | NONE             |
| E4         |                |            | GND                          | GND         |             |         |            |      |                     |                      |     0.0 |            |           |          |      |                  |
| E5         |                | High Range | IO_L5N_T0_AD13N_35           | User IO     |             |      35 |            |      |                     |                      |         |            |           |          |      |                  |
| E6         |                | High Range | IO_L5P_T0_AD13P_35           | User IO     |             |      35 |            |      |                     |                      |         |            |           |          |      |                  |
| E7         |                | High Range | IO_L6P_T0_35                 | User IO     |             |      35 |            |      |                     |                      |         |            |           |          |      |                  |
| E8         |                | Dedicated  | VCCBATT_0                    | Config      |             |       0 |            |      |                     |                      |         |            |           |          |      |                  |
| E9         |                | Dedicated  | CCLK_0                       | Config      |             |       0 |            |      |                     |                      |         |            |           |          |      |                  |
| E10        |                | Dedicated  | TCK_0                        | Config      |             |       0 |            |      |                     |                      |         |            |           |          |      |                  |
| E11        |                | Dedicated  | TDI_0                        | Config      |             |       0 |            |      |                     |                      |         |            |           |          |      |                  |
| E12        |                | Dedicated  | TMS_0                        | Config      |             |       0 |            |      |                     |                      |         |            |           |          |      |                  |
| E13        |                | Dedicated  | TDO_0                        | Config      |             |       0 |            |      |                     |                      |         |            |           |          |      |                  |
| E14        |                |            | GND                          | GND         |             |         |            |      |                     |                      |     0.0 |            |           |          |      |                  |
| E15        | digits_out[42] | High Range | IO_L11P_T1_SRCC_15           | OUTPUT      | LVCMOS18*   |      15 |         12 | SLOW |                     |            FP_VTT_50 |         | UNFIXED    |           |          |      | NONE             |
| E16        | digits_out[41] | High Range | IO_L11N_T1_SRCC_15           | OUTPUT      | LVCMOS18*   |      15 |         12 | SLOW |                     |            FP_VTT_50 |         | UNFIXED    |           |          |      | NONE             |
| E17        | digits_out[32] | High Range | IO_L16P_T2_A28_15            | OUTPUT      | LVCMOS18*   |      15 |         12 | SLOW |                     |            FP_VTT_50 |         | UNFIXED    |           |          |      | NONE             |
| E18        | digits_out[22] | High Range | IO_L21P_T3_DQS_15            | OUTPUT      | LVCMOS18*   |      15 |         12 | SLOW |                     |            FP_VTT_50 |         | UNFIXED    |           |          |      | NONE             |
| F1         |                | High Range | IO_L18P_T2_35                | User IO     |             |      35 |            |      |                     |                      |         |            |           |          |      |                  |
| F2         |                | High Range | VCCO_35                      | VCCO        |             |      35 |            |      |                     |                      |    3.30 |            |           |          |      |                  |
| F3         |                | High Range | IO_L13N_T2_MRCC_35           | User IO     |             |      35 |            |      |                     |                      |         |            |           |          |      |                  |
| F4         |                | High Range | IO_L13P_T2_MRCC_35           | User IO     |             |      35 |            |      |                     |                      |         |            |           |          |      |                  |
| F5         |                | High Range | IO_0_35                      | User IO     |             |      35 |            |      |                     |                      |         |            |           |          |      |                  |
| F6         |                | High Range | IO_L19N_T3_VREF_35           | User IO     |             |      35 |            |      |                     |                      |         |            |           |          |      |                  |
| F7         |                |            | GND                          | GND         |             |         |            |      |                     |                      |     0.0 |            |           |          |      |                  |
| F8         |                |            | VCCINT                       | VCCINT      |             |         |            |      |                     |                      |         |            |           |          |      |                  |
| F9         |                |            | GND                          | GND         |             |         |            |      |                     |                      |     0.0 |            |           |          |      |                  |
| F10        |                |            | VCCBRAM                      | VCCBRAM     |             |         |            |      |                     |                      |         |            |           |          |      |                  |
| F11        |                |            | GND                          | GND         |             |         |            |      |                     |                      |     0.0 |            |           |          |      |                  |
| F12        |                |            | VCCAUX                       | VCCAUX      |             |         |            |      |                     |                      |    1.80 |            |           |          |      |                  |
| F13        | digits_out[54] | High Range | IO_L5P_T0_AD9P_15            | OUTPUT      | LVCMOS18*   |      15 |         12 | SLOW |                     |            FP_VTT_50 |         | UNFIXED    |           |          |      | NONE             |
| F14        | digits_out[53] | High Range | IO_L5N_T0_AD9N_15            | OUTPUT      | LVCMOS18*   |      15 |         12 | SLOW |                     |            FP_VTT_50 |         | UNFIXED    |           |          |      | NONE             |
| F15        | digits_out[36] | High Range | IO_L14P_T2_SRCC_15           | OUTPUT      | LVCMOS18*   |      15 |         12 | SLOW |                     |            FP_VTT_50 |         | UNFIXED    |           |          |      | NONE             |
| F16        | digits_out[35] | High Range | IO_L14N_T2_SRCC_15           | OUTPUT      | LVCMOS18*   |      15 |         12 | SLOW |                     |            FP_VTT_50 |         | UNFIXED    |           |          |      | NONE             |
| F17        |                |            | GND                          | GND         |             |         |            |      |                     |                      |     0.0 |            |           |          |      |                  |
| F18        | digits_out[19] | High Range | IO_L22N_T3_A16_15            | OUTPUT      | LVCMOS18*   |      15 |         12 | SLOW |                     |            FP_VTT_50 |         | UNFIXED    |           |          |      | NONE             |
| G1         |                | High Range | IO_L17N_T2_35                | User IO     |             |      35 |            |      |                     |                      |         |            |           |          |      |                  |
| G2         |                | High Range | IO_L15N_T2_DQS_35            | User IO     |             |      35 |            |      |                     |                      |         |            |           |          |      |                  |
| G3         |                | High Range | IO_L20N_T3_35                | User IO     |             |      35 |            |      |                     |                      |         |            |           |          |      |                  |
| G4         |                | High Range | IO_L20P_T3_35                | User IO     |             |      35 |            |      |                     |                      |         |            |           |          |      |                  |
| G5         |                | High Range | VCCO_35                      | VCCO        |             |      35 |            |      |                     |                      |    3.30 |            |           |          |      |                  |
| G6         |                | High Range | IO_L19P_T3_35                | User IO     |             |      35 |            |      |                     |                      |         |            |           |          |      |                  |
| G7         |                |            | VCCINT                       | VCCINT      |             |         |            |      |                     |                      |         |            |           |          |      |                  |
| G8         |                |            | GND                          | GND         |             |         |            |      |                     |                      |     0.0 |            |           |          |      |                  |
| G9         |                |            | VCCINT                       | VCCINT      |             |         |            |      |                     |                      |         |            |           |          |      |                  |
| G10        |                |            | GND                          | GND         |             |         |            |      |                     |                      |     0.0 |            |           |          |      |                  |
| G11        |                |            | VCCBRAM                      | VCCBRAM     |             |         |            |      |                     |                      |         |            |           |          |      |                  |
| G12        |                |            | GND                          | GND         |             |         |            |      |                     |                      |     0.0 |            |           |          |      |                  |
| G13        | digits_out[63] | High Range | IO_0_15                      | OUTPUT      | LVCMOS18*   |      15 |         12 | SLOW |                     |            FP_VTT_50 |         | UNFIXED    |           |          |      | NONE             |
| G14        | digits_out[33] | High Range | IO_L15N_T2_DQS_ADV_B_15      | OUTPUT      | LVCMOS18*   |      15 |         12 | SLOW |                     |            FP_VTT_50 |         | UNFIXED    |           |          |      | NONE             |
| G15        |                | High Range | VCCO_15                      | VCCO        |             |      15 |            |      |                     |                      |    1.80 |            |           |          |      |                  |
| G16        | digits_out[37] | High Range | IO_L13N_T2_MRCC_15           | OUTPUT      | LVCMOS18*   |      15 |         12 | SLOW |                     |            FP_VTT_50 |         | UNFIXED    |           |          |      | NONE             |
| G17        | digits_out[27] | High Range | IO_L18N_T2_A23_15            | OUTPUT      | LVCMOS18*   |      15 |         12 | SLOW |                     |            FP_VTT_50 |         | UNFIXED    |           |          |      | NONE             |
| G18        | digits_out[20] | High Range | IO_L22P_T3_A17_15            | OUTPUT      | LVCMOS18*   |      15 |         12 | SLOW |                     |            FP_VTT_50 |         | UNFIXED    |           |          |      | NONE             |
| H1         |                | High Range | IO_L17P_T2_35                | User IO     |             |      35 |            |      |                     |                      |         |            |           |          |      |                  |
| H2         |                | High Range | IO_L15P_T2_DQS_35            | User IO     |             |      35 |            |      |                     |                      |         |            |           |          |      |                  |
| H3         |                |            | GND                          | GND         |             |         |            |      |                     |                      |     0.0 |            |           |          |      |                  |
| H4         |                | High Range | IO_L21N_T3_DQS_35            | User IO     |             |      35 |            |      |                     |                      |         |            |           |          |      |                  |
| H5         |                | High Range | IO_L24N_T3_35                | User IO     |             |      35 |            |      |                     |                      |         |            |           |          |      |                  |
| H6         |                | High Range | IO_L24P_T3_35                | User IO     |             |      35 |            |      |                     |                      |         |            |           |          |      |                  |
| H7         |                |            | GND                          | GND         |             |         |            |      |                     |                      |     0.0 |            |           |          |      |                  |
| H8         |                |            | VCCINT                       | VCCINT      |             |         |            |      |                     |                      |         |            |           |          |      |                  |
| H9         |                | Dedicated  | GNDADC_0                     | XADC        |             |       0 |            |      |                     |                      |         |            |           |          |      |                  |
| H10        |                | Dedicated  | VCCADC_0                     | XADC        |             |       0 |            |      |                     |                      |         |            |           |          |      |                  |
| H11        |                |            | GND                          | GND         |             |         |            |      |                     |                      |     0.0 |            |           |          |      |                  |
| H12        |                |            | VCCAUX                       | VCCAUX      |             |         |            |      |                     |                      |    1.80 |            |           |          |      |                  |
| H13        |                |            | GND                          | GND         |             |         |            |      |                     |                      |     0.0 |            |           |          |      |                  |
| H14        | digits_out[34] | High Range | IO_L15P_T2_DQS_15            | OUTPUT      | LVCMOS18*   |      15 |         12 | SLOW |                     |            FP_VTT_50 |         | UNFIXED    |           |          |      | NONE             |
| H15        | digits_out[25] | High Range | IO_L19N_T3_A21_VREF_15       | OUTPUT      | LVCMOS18*   |      15 |         12 | SLOW |                     |            FP_VTT_50 |         | UNFIXED    |           |          |      | NONE             |
| H16        | digits_out[38] | High Range | IO_L13P_T2_MRCC_15           | OUTPUT      | LVCMOS18*   |      15 |         12 | SLOW |                     |            FP_VTT_50 |         | UNFIXED    |           |          |      | NONE             |
| H17        | digits_out[28] | High Range | IO_L18P_T2_A24_15            | OUTPUT      | LVCMOS18*   |      15 |         12 | SLOW |                     |            FP_VTT_50 |         | UNFIXED    |           |          |      | NONE             |
| H18        |                | High Range | VCCO_15                      | VCCO        |             |      15 |            |      |                     |                      |    1.80 |            |           |          |      |                  |
| J1         |                | High Range | VCCO_35                      | VCCO        |             |      35 |            |      |                     |                      |    3.30 |            |           |          |      |                  |
| J2         |                | High Range | IO_L22N_T3_35                | User IO     |             |      35 |            |      |                     |                      |         |            |           |          |      |                  |
| J3         |                | High Range | IO_L22P_T3_35                | User IO     |             |      35 |            |      |                     |                      |         |            |           |          |      |                  |
| J4         |                | High Range | IO_L21P_T3_DQS_35            | User IO     |             |      35 |            |      |                     |                      |         |            |           |          |      |                  |
| J5         |                | High Range | IO_25_35                     | User IO     |             |      35 |            |      |                     |                      |         |            |           |          |      |                  |
| J6         |                |            | GND                          | GND         |             |         |            |      |                     |                      |     0.0 |            |           |          |      |                  |
| J7         |                |            | VCCINT                       | VCCINT      |             |         |            |      |                     |                      |         |            |           |          |      |                  |
| J8         |                |            | GND                          | GND         |             |         |            |      |                     |                      |     0.0 |            |           |          |      |                  |
| J9         |                | Dedicated  | VREFN_0                      | XADC        |             |       0 |            |      |                     |                      |         |            |           |          |      |                  |
| J10        |                | Dedicated  | VP_0                         | XADC        |             |       0 |            |      |                     |                      |         |            |           |          |      |                  |
| J11        |                |            | VCCINT                       | VCCINT      |             |         |            |      |                     |                      |         |            |           |          |      |                  |
| J12        |                |            | GND                          | GND         |             |         |            |      |                     |                      |     0.0 |            |           |          |      |                  |
| J13        | digits_out[29] | High Range | IO_L17N_T2_A25_15            | OUTPUT      | LVCMOS18*   |      15 |         12 | SLOW |                     |            FP_VTT_50 |         | UNFIXED    |           |          |      | NONE             |
| J14        | digits_out[26] | High Range | IO_L19P_T3_A22_15            | OUTPUT      | LVCMOS18*   |      15 |         12 | SLOW |                     |            FP_VTT_50 |         | UNFIXED    |           |          |      | NONE             |
| J15        | digits_out[15] | High Range | IO_L24N_T3_RS0_15            | OUTPUT      | LVCMOS18*   |      15 |         12 | SLOW |                     |            FP_VTT_50 |         | UNFIXED    |           |          |      | NONE             |
| J16        |                |            | GND                          | GND         |             |         |            |      |                     |                      |     0.0 |            |           |          |      |                  |
| J17        | digits_out[18] | High Range | IO_L23P_T3_FOE_B_15          | OUTPUT      | LVCMOS18*   |      15 |         12 | SLOW |                     |            FP_VTT_50 |         | UNFIXED    |           |          |      | NONE             |
| J18        | digits_out[17] | High Range | IO_L23N_T3_FWE_B_15          | OUTPUT      | LVCMOS18*   |      15 |         12 | SLOW |                     |            FP_VTT_50 |         | UNFIXED    |           |          |      | NONE             |
| K1         |                | High Range | IO_L23N_T3_35                | User IO     |             |      35 |            |      |                     |                      |         |            |           |          |      |                  |
| K2         |                | High Range | IO_L23P_T3_35                | User IO     |             |      35 |            |      |                     |                      |         |            |           |          |      |                  |
| K3         | seg[4]         | High Range | IO_L2P_T0_34                 | OUTPUT      | LVCMOS33    |      34 |         12 | SLOW |                     |            FP_VTT_50 |         | FIXED      |           |          |      | NONE             |
| K4         |                | High Range | VCCO_34                      | VCCO        |             |      34 |            |      |                     |                      |    3.30 |            |           |          |      |                  |
| K5         |                | High Range | IO_L5P_T0_34                 | User IO     |             |      34 |            |      |                     |                      |         |            |           |          |      |                  |
| K6         |                | High Range | IO_0_34                      | User IO     |             |      34 |            |      |                     |                      |         |            |           |          |      |                  |
| K7         |                |            | GND                          | GND         |             |         |            |      |                     |                      |     0.0 |            |           |          |      |                  |
| K8         |                |            | VCCINT                       | VCCINT      |             |         |            |      |                     |                      |         |            |           |          |      |                  |
| K9         |                | Dedicated  | VN_0                         | XADC        |             |       0 |            |      |                     |                      |         |            |           |          |      |                  |
| K10        |                | Dedicated  | VREFP_0                      | XADC        |             |       0 |            |      |                     |                      |         |            |           |          |      |                  |
| K11        |                |            | GND                          | GND         |             |         |            |      |                     |                      |     0.0 |            |           |          |      |                  |
| K12        |                |            | VCCAUX                       | VCCAUX      |             |         |            |      |                     |                      |    1.80 |            |           |          |      |                  |
| K13        | digits_out[30] | High Range | IO_L17P_T2_A26_15            | OUTPUT      | LVCMOS18*   |      15 |         12 | SLOW |                     |            FP_VTT_50 |         | UNFIXED    |           |          |      | NONE             |
| K14        |                | High Range | VCCO_15                      | VCCO        |             |      15 |            |      |                     |                      |    1.80 |            |           |          |      |                  |
| K15        | digits_out[16] | High Range | IO_L24P_T3_RS1_15            | OUTPUT      | LVCMOS18*   |      15 |         12 | SLOW |                     |            FP_VTT_50 |         | UNFIXED    |           |          |      | NONE             |
| K16        | digits_out[14] | High Range | IO_25_15                     | OUTPUT      | LVCMOS18*   |      15 |         12 | SLOW |                     |            FP_VTT_50 |         | UNFIXED    |           |          |      | NONE             |
| K17        | digits_out[13] | High Range | IO_L1P_T0_D00_MOSI_14        | OUTPUT      | LVCMOS18*   |      14 |         12 | SLOW |                     |            FP_VTT_50 |         | UNFIXED    |           |          |      | NONE             |
| K18        | digits_out[12] | High Range | IO_L1N_T0_D01_DIN_14         | OUTPUT      | LVCMOS18*   |      14 |         12 | SLOW |                     |            FP_VTT_50 |         | UNFIXED    |           |          |      | NONE             |
| L1         | an[6]          | High Range | IO_L1P_T0_34                 | OUTPUT      | LVCMOS33    |      34 |         12 | SLOW |                     |            FP_VTT_50 |         | FIXED      |           |          |      | NONE             |
| L2         |                |            | GND                          | GND         |             |         |            |      |                     |                      |     0.0 |            |           |          |      |                  |
| L3         | seg[0]         | High Range | IO_L2N_T0_34                 | OUTPUT      | LVCMOS33    |      34 |         12 | SLOW |                     |            FP_VTT_50 |         | FIXED      |           |          |      | NONE             |
| L4         | seg[3]         | High Range | IO_L5N_T0_34                 | OUTPUT      | LVCMOS33    |      34 |         12 | SLOW |                     |            FP_VTT_50 |         | FIXED      |           |          |      | NONE             |
| L5         | seg[2]         | High Range | IO_L6N_T0_VREF_34            | OUTPUT      | LVCMOS33    |      34 |         12 | SLOW |                     |            FP_VTT_50 |         | FIXED      |           |          |      | NONE             |
| L6         | seg[6]         | High Range | IO_L6P_T0_34                 | OUTPUT      | LVCMOS33    |      34 |         12 | SLOW |                     |            FP_VTT_50 |         | FIXED      |           |          |      | NONE             |
| L7         |                |            | VCCINT                       | VCCINT      |             |         |            |      |                     |                      |         |            |           |          |      |                  |
| L8         |                |            | GND                          | GND         |             |         |            |      |                     |                      |     0.0 |            |           |          |      |                  |
| L9         |                | Dedicated  | DXN_0                        | Temp Sensor |             |       0 |            |      |                     |                      |         |            |           |          |      |                  |
| L10        |                | Dedicated  | DXP_0                        | Temp Sensor |             |       0 |            |      |                     |                      |         |            |           |          |      |                  |
| L11        |                |            | VCCINT                       | VCCINT      |             |         |            |      |                     |                      |         |            |           |          |      |                  |
| L12        |                |            | GND                          | GND         |             |         |            |      |                     |                      |     0.0 |            |           |          |      |                  |
| L13        | digits_out[3]  | High Range | IO_L6P_T0_FCS_B_14           | OUTPUT      | LVCMOS18*   |      14 |         12 | SLOW |                     |            FP_VTT_50 |         | UNFIXED    |           |          |      | NONE             |
| L14        | digits_out[11] | High Range | IO_L2P_T0_D02_14             | OUTPUT      | LVCMOS18*   |      14 |         12 | SLOW |                     |            FP_VTT_50 |         | UNFIXED    |           |          |      | NONE             |
| L15        | digits_out[9]  | High Range | IO_L3P_T0_DQS_PUDC_B_14      | OUTPUT      | LVCMOS18*   |      14 |         12 | SLOW |                     |            FP_VTT_50 |         | UNFIXED    |           |          |      | NONE             |
| L16        | digits_out[8]  | High Range | IO_L3N_T0_DQS_EMCCLK_14      | OUTPUT      | LVCMOS18*   |      14 |         12 | SLOW |                     |            FP_VTT_50 |         | UNFIXED    |           |          |      | NONE             |
| L17        |                | High Range | VCCO_14                      | VCCO        |             |      14 |            |      |                     |                      |    1.80 |            |           |          |      |                  |
| L18        | digits_out[7]  | High Range | IO_L4P_T0_D04_14             | OUTPUT      | LVCMOS18*   |      14 |         12 | SLOW |                     |            FP_VTT_50 |         | UNFIXED    |           |          |      | NONE             |
| M1         | an[7]          | High Range | IO_L1N_T0_34                 | OUTPUT      | LVCMOS33    |      34 |         12 | SLOW |                     |            FP_VTT_50 |         | FIXED      |           |          |      | NONE             |
| M2         | seg[5]         | High Range | IO_L4N_T0_34                 | OUTPUT      | LVCMOS33    |      34 |         12 | SLOW |                     |            FP_VTT_50 |         | FIXED      |           |          |      | NONE             |
| M3         | an[2]          | High Range | IO_L4P_T0_34                 | OUTPUT      | LVCMOS33    |      34 |         12 | SLOW |                     |            FP_VTT_50 |         | FIXED      |           |          |      | NONE             |
| M4         |                | High Range | IO_L16P_T2_34                | User IO     |             |      34 |            |      |                     |                      |         |            |           |          |      |                  |
| M5         |                |            | GND                          | GND         |             |         |            |      |                     |                      |     0.0 |            |           |          |      |                  |
| M6         | an[1]          | High Range | IO_L18P_T2_34                | OUTPUT      | LVCMOS33    |      34 |         12 | SLOW |                     |            FP_VTT_50 |         | FIXED      |           |          |      | NONE             |
| M7         |                |            | GND                          | GND         |             |         |            |      |                     |                      |     0.0 |            |           |          |      |                  |
| M8         |                |            | VCCINT                       | VCCINT      |             |         |            |      |                     |                      |         |            |           |          |      |                  |
| M9         |                |            | GND                          | GND         |             |         |            |      |                     |                      |     0.0 |            |           |          |      |                  |
| M10        |                |            | VCCINT                       | VCCINT      |             |         |            |      |                     |                      |         |            |           |          |      |                  |
| M11        |                |            | GND                          | GND         |             |         |            |      |                     |                      |     0.0 |            |           |          |      |                  |
| M12        |                |            | VCCAUX                       | VCCAUX      |             |         |            |      |                     |                      |    1.80 |            |           |          |      |                  |
| M13        | digits_out[2]  | High Range | IO_L6N_T0_D08_VREF_14        | OUTPUT      | LVCMOS18*   |      14 |         12 | SLOW |                     |            FP_VTT_50 |         | UNFIXED    |           |          |      | NONE             |
| M14        | digits_out[10] | High Range | IO_L2N_T0_D03_14             | OUTPUT      | LVCMOS18*   |      14 |         12 | SLOW |                     |            FP_VTT_50 |         | UNFIXED    |           |          |      | NONE             |
| M15        |                |            | GND                          | GND         |             |         |            |      |                     |                      |     0.0 |            |           |          |      |                  |
| M16        | d6[0]          | High Range | IO_L10P_T1_D14_14            | INPUT       | LVCMOS18*   |      14 |            |      |                     |                 NONE |         | UNFIXED    |           |          |      | NONE             |
| M17        | d5[4]          | High Range | IO_L10N_T1_D15_14            | INPUT       | LVCMOS18*   |      14 |            |      |                     |                 NONE |         | UNFIXED    |           |          |      | NONE             |
| M18        | digits_out[6]  | High Range | IO_L4N_T0_D05_14             | OUTPUT      | LVCMOS18*   |      14 |         12 | SLOW |                     |            FP_VTT_50 |         | UNFIXED    |           |          |      | NONE             |
| N1         | seg[1]         | High Range | IO_L3N_T0_DQS_34             | OUTPUT      | LVCMOS33    |      34 |         12 | SLOW |                     |            FP_VTT_50 |         | FIXED      |           |          |      | NONE             |
| N2         | an[4]          | High Range | IO_L3P_T0_DQS_34             | OUTPUT      | LVCMOS33    |      34 |         12 | SLOW |                     |            FP_VTT_50 |         | FIXED      |           |          |      | NONE             |
| N3         |                | High Range | VCCO_34                      | VCCO        |             |      34 |            |      |                     |                      |    3.30 |            |           |          |      |                  |
| N4         | an[5]          | High Range | IO_L16N_T2_34                | OUTPUT      | LVCMOS33    |      34 |         12 | SLOW |                     |            FP_VTT_50 |         | FIXED      |           |          |      | NONE             |
| N5         | an[3]          | High Range | IO_L13P_T2_MRCC_34           | OUTPUT      | LVCMOS33    |      34 |         12 | SLOW |                     |            FP_VTT_50 |         | FIXED      |           |          |      | NONE             |
| N6         | an[0]          | High Range | IO_L18N_T2_34                | OUTPUT      | LVCMOS33    |      34 |         12 | SLOW |                     |            FP_VTT_50 |         | FIXED      |           |          |      | NONE             |
| N7         |                |            | VCCINT                       | VCCINT      |             |         |            |      |                     |                      |         |            |           |          |      |                  |
| N8         |                |            | GND                          | GND         |             |         |            |      |                     |                      |     0.0 |            |           |          |      |                  |
| N9         |                |            | VCCINT                       | VCCINT      |             |         |            |      |                     |                      |         |            |           |          |      |                  |
| N10        |                |            | GND                          | GND         |             |         |            |      |                     |                      |     0.0 |            |           |          |      |                  |
| N11        |                |            | VCCINT                       | VCCINT      |             |         |            |      |                     |                      |         |            |           |          |      |                  |
| N12        |                |            | GND                          | GND         |             |         |            |      |                     |                      |     0.0 |            |           |          |      |                  |
| N13        |                | High Range | VCCO_14                      | VCCO        |             |      14 |            |      |                     |                      |    1.80 |            |           |          |      |                  |
| N14        | d6[4]          | High Range | IO_L8P_T1_D11_14             | INPUT       | LVCMOS18*   |      14 |            |      |                     |                 NONE |         | UNFIXED    |           |          |      | NONE             |
| N15        | d5[3]          | High Range | IO_L11P_T1_SRCC_14           | INPUT       | LVCMOS18*   |      14 |            |      |                     |                 NONE |         | UNFIXED    |           |          |      | NONE             |
| N16        | d5[2]          | High Range | IO_L11N_T1_SRCC_14           | INPUT       | LVCMOS18*   |      14 |            |      |                     |                 NONE |         | UNFIXED    |           |          |      | NONE             |
| N17        | d6[2]          | High Range | IO_L9P_T1_DQS_14             | INPUT       | LVCMOS18*   |      14 |            |      |                     |                 NONE |         | UNFIXED    |           |          |      | NONE             |
| N18        |                |            | GND                          | GND         |             |         |            |      |                     |                      |     0.0 |            |           |          |      |                  |
| P1         |                |            | GND                          | GND         |             |         |            |      |                     |                      |     0.0 |            |           |          |      |                  |
| P2         |                | High Range | IO_L15P_T2_DQS_34            | User IO     |             |      34 |            |      |                     |                      |         |            |           |          |      |                  |
| P3         |                | High Range | IO_L14N_T2_SRCC_34           | User IO     |             |      34 |            |      |                     |                      |         |            |           |          |      |                  |
| P4         |                | High Range | IO_L14P_T2_SRCC_34           | User IO     |             |      34 |            |      |                     |                      |         |            |           |          |      |                  |
| P5         |                | High Range | IO_L13N_T2_MRCC_34           | User IO     |             |      34 |            |      |                     |                      |         |            |           |          |      |                  |
| P6         |                | High Range | VCCO_34                      | VCCO        |             |      34 |            |      |                     |                      |    3.30 |            |           |          |      |                  |
| P7         |                | Dedicated  | INIT_B_0                     | Config      |             |       0 |            |      |                     |                      |         |            |           |          |      |                  |
| P8         |                | Dedicated  | CFGBVS_0                     | Config      |             |       0 |            |      |                     |                      |         |            |           |          |      |                  |
| P9         |                | Dedicated  | PROGRAM_B_0                  | Config      |             |       0 |            |      |                     |                      |         |            |           |          |      |                  |
| P10        |                | Dedicated  | DONE_0                       | Config      |             |       0 |            |      |                     |                      |         |            |           |          |      |                  |
| P11        |                | Dedicated  | M2_0                         | Config      |             |       0 |            |      |                     |                      |         |            |           |          |      |                  |
| P12        |                | Dedicated  | M0_0                         | Config      |             |       0 |            |      |                     |                      |         |            |           |          |      |                  |
| P13        |                | Dedicated  | M1_0                         | Config      |             |       0 |            |      |                     |                      |         |            |           |          |      |                  |
| P14        | d6[3]          | High Range | IO_L8N_T1_D12_14             | INPUT       | LVCMOS18*   |      14 |            |      |                     |                 NONE |         | UNFIXED    |           |          |      | NONE             |
| P15        | d4[4]          | High Range | IO_L13P_T2_MRCC_14           | INPUT       | LVCMOS18*   |      14 |            |      |                     |                 NONE |         | UNFIXED    |           |          |      | NONE             |
| P16        |                | High Range | VCCO_14                      | VCCO        |             |      14 |            |      |                     |                      |    1.80 |            |           |          |      |                  |
| P17        | d5[1]          | High Range | IO_L12P_T1_MRCC_14           | INPUT       | LVCMOS18*   |      14 |            |      |                     |                 NONE |         | UNFIXED    |           |          |      | NONE             |
| P18        | d6[1]          | High Range | IO_L9N_T1_DQS_D13_14         | INPUT       | LVCMOS18*   |      14 |            |      |                     |                 NONE |         | UNFIXED    |           |          |      | NONE             |
| R1         |                | High Range | IO_L17P_T2_34                | User IO     |             |      34 |            |      |                     |                      |         |            |           |          |      |                  |
| R2         |                | High Range | IO_L15N_T2_DQS_34            | User IO     |             |      34 |            |      |                     |                      |         |            |           |          |      |                  |
| R3         |                | High Range | IO_L11P_T1_SRCC_34           | User IO     |             |      34 |            |      |                     |                      |         |            |           |          |      |                  |
| R4         |                |            | GND                          | GND         |             |         |            |      |                     |                      |     0.0 |            |           |          |      |                  |
| R5         |                | High Range | IO_L19N_T3_VREF_34           | User IO     |             |      34 |            |      |                     |                      |         |            |           |          |      |                  |
| R6         |                | High Range | IO_L19P_T3_34                | User IO     |             |      34 |            |      |                     |                      |         |            |           |          |      |                  |
| R7         | dp[4]          | High Range | IO_L23P_T3_34                | INPUT       | LVCMOS33    |      34 |            |      |                     |                 NONE |         | UNFIXED    |           |          |      | NONE             |
| R8         | dp[2]          | High Range | IO_L24P_T3_34                | INPUT       | LVCMOS33    |      34 |            |      |                     |                 NONE |         | UNFIXED    |           |          |      | NONE             |
| R9         |                | Dedicated  | VCCO_0                       | VCCO        |             |       0 |            |      |                     |                      |   any** |            |           |          |      |                  |
| R10        | d0[0]          | High Range | IO_25_14                     | INPUT       | LVCMOS18*   |      14 |            |      |                     |                 NONE |         | UNFIXED    |           |          |      | NONE             |
| R11        | seg[7]         | High Range | IO_0_14                      | OUTPUT      | LVCMOS18*   |      14 |         12 | SLOW |                     |            FP_VTT_50 |         | UNFIXED    |           |          |      | NONE             |
| R12        | digits_out[5]  | High Range | IO_L5P_T0_D06_14             | OUTPUT      | LVCMOS18*   |      14 |         12 | SLOW |                     |            FP_VTT_50 |         | UNFIXED    |           |          |      | NONE             |
| R13        | digits_out[4]  | High Range | IO_L5N_T0_D07_14             | OUTPUT      | LVCMOS18*   |      14 |         12 | SLOW |                     |            FP_VTT_50 |         | UNFIXED    |           |          |      | NONE             |
| R14        |                |            | GND                          | GND         |             |         |            |      |                     |                      |     0.0 |            |           |          |      |                  |
| R15        | d4[3]          | High Range | IO_L13N_T2_MRCC_14           | INPUT       | LVCMOS18*   |      14 |            |      |                     |                 NONE |         | UNFIXED    |           |          |      | NONE             |
| R16        | d4[0]          | High Range | IO_L15P_T2_DQS_RDWR_B_14     | INPUT       | LVCMOS18*   |      14 |            |      |                     |                 NONE |         | UNFIXED    |           |          |      | NONE             |
| R17        | d5[0]          | High Range | IO_L12N_T1_MRCC_14           | INPUT       | LVCMOS18*   |      14 |            |      |                     |                 NONE |         | UNFIXED    |           |          |      | NONE             |
| R18        | digits_out[1]  | High Range | IO_L7P_T1_D09_14             | OUTPUT      | LVCMOS18*   |      14 |         12 | SLOW |                     |            FP_VTT_50 |         | UNFIXED    |           |          |      | NONE             |
| T1         |                | High Range | IO_L17N_T2_34                | User IO     |             |      34 |            |      |                     |                      |         |            |           |          |      |                  |
| T2         |                | High Range | VCCO_34                      | VCCO        |             |      34 |            |      |                     |                      |    3.30 |            |           |          |      |                  |
| T3         |                | High Range | IO_L11N_T1_SRCC_34           | User IO     |             |      34 |            |      |                     |                      |         |            |           |          |      |                  |
| T4         |                | High Range | IO_L12N_T1_MRCC_34           | User IO     |             |      34 |            |      |                     |                      |         |            |           |          |      |                  |
| T5         |                | High Range | IO_L12P_T1_MRCC_34           | User IO     |             |      34 |            |      |                     |                      |         |            |           |          |      |                  |
| T6         | dp[3]          | High Range | IO_L23N_T3_34                | INPUT       | LVCMOS33    |      34 |            |      |                     |                 NONE |         | UNFIXED    |           |          |      | NONE             |
| T7         |                |            | GND                          | GND         |             |         |            |      |                     |                      |     0.0 |            |           |          |      |                  |
| T8         | dp[1]          | High Range | IO_L24N_T3_34                | INPUT       | LVCMOS33    |      34 |            |      |                     |                 NONE |         | UNFIXED    |           |          |      | NONE             |
| T9         | d0[2]          | High Range | IO_L24P_T3_A01_D17_14        | INPUT       | LVCMOS18*   |      14 |            |      |                     |                 NONE |         | UNFIXED    |           |          |      | NONE             |
| T10        | d0[1]          | High Range | IO_L24N_T3_A00_D16_14        | INPUT       | LVCMOS18*   |      14 |            |      |                     |                 NONE |         | UNFIXED    |           |          |      | NONE             |
| T11        | d2[2]          | High Range | IO_L19P_T3_A10_D26_14        | INPUT       | LVCMOS18*   |      14 |            |      |                     |                 NONE |         | UNFIXED    |           |          |      | NONE             |
| T12        |                | High Range | VCCO_14                      | VCCO        |             |      14 |            |      |                     |                      |    1.80 |            |           |          |      |                  |
| T13        | d0[4]          | High Range | IO_L23P_T3_A03_D19_14        | INPUT       | LVCMOS18*   |      14 |            |      |                     |                 NONE |         | UNFIXED    |           |          |      | NONE             |
| T14        | d4[2]          | High Range | IO_L14P_T2_SRCC_14           | INPUT       | LVCMOS18*   |      14 |            |      |                     |                 NONE |         | UNFIXED    |           |          |      | NONE             |
| T15        | d4[1]          | High Range | IO_L14N_T2_SRCC_14           | INPUT       | LVCMOS18*   |      14 |            |      |                     |                 NONE |         | UNFIXED    |           |          |      | NONE             |
| T16        | d3[4]          | High Range | IO_L15N_T2_DQS_DOUT_CSO_B_14 | INPUT       | LVCMOS18*   |      14 |            |      |                     |                 NONE |         | UNFIXED    |           |          |      | NONE             |
| T17        |                |            | GND                          | GND         |             |         |            |      |                     |                      |     0.0 |            |           |          |      |                  |
| T18        | digits_out[0]  | High Range | IO_L7N_T1_D10_14             | OUTPUT      | LVCMOS18*   |      14 |         12 | SLOW |                     |            FP_VTT_50 |         | UNFIXED    |           |          |      | NONE             |
| U1         |                | High Range | IO_L7P_T1_34                 | User IO     |             |      34 |            |      |                     |                      |         |            |           |          |      |                  |
| U2         |                | High Range | IO_L9P_T1_DQS_34             | User IO     |             |      34 |            |      |                     |                      |         |            |           |          |      |                  |
| U3         |                | High Range | IO_L8N_T1_34                 | User IO     |             |      34 |            |      |                     |                      |         |            |           |          |      |                  |
| U4         |                | High Range | IO_L8P_T1_34                 | User IO     |             |      34 |            |      |                     |                      |         |            |           |          |      |                  |
| U5         |                | High Range | VCCO_34                      | VCCO        |             |      34 |            |      |                     |                      |    3.30 |            |           |          |      |                  |
| U6         | dp[5]          | High Range | IO_L22N_T3_34                | INPUT       | LVCMOS33    |      34 |            |      |                     |                 NONE |         | UNFIXED    |           |          |      | NONE             |
| U7         | dp[6]          | High Range | IO_L22P_T3_34                | INPUT       | LVCMOS33    |      34 |            |      |                     |                 NONE |         | UNFIXED    |           |          |      | NONE             |
| U8         | dp[0]          | High Range | IO_25_34                     | INPUT       | LVCMOS33    |      34 |            |      |                     |                 NONE |         | UNFIXED    |           |          |      | NONE             |
| U9         |                | High Range | IO_L21P_T3_DQS_34            | User IO     |             |      34 |            |      |                     |                      |         |            |           |          |      |                  |
| U10        |                |            | GND                          | GND         |             |         |            |      |                     |                      |     0.0 |            |           |          |      |                  |
| U11        | d2[1]          | High Range | IO_L19N_T3_A09_D25_VREF_14   | INPUT       | LVCMOS18*   |      14 |            |      |                     |                 NONE |         | UNFIXED    |           |          |      | NONE             |
| U12        | d2[0]          | High Range | IO_L20P_T3_A08_D24_14        | INPUT       | LVCMOS18*   |      14 |            |      |                     |                 NONE |         | UNFIXED    |           |          |      | NONE             |
| U13        | d0[3]          | High Range | IO_L23N_T3_A02_D18_14        | INPUT       | LVCMOS18*   |      14 |            |      |                     |                 NONE |         | UNFIXED    |           |          |      | NONE             |
| U14        | d1[1]          | High Range | IO_L22P_T3_A05_D21_14        | INPUT       | LVCMOS18*   |      14 |            |      |                     |                 NONE |         | UNFIXED    |           |          |      | NONE             |
| U15        |                | High Range | VCCO_14                      | VCCO        |             |      14 |            |      |                     |                      |    1.80 |            |           |          |      |                  |
| U16        | d2[4]          | High Range | IO_L18P_T2_A12_D28_14        | INPUT       | LVCMOS18*   |      14 |            |      |                     |                 NONE |         | UNFIXED    |           |          |      | NONE             |
| U17        | d3[1]          | High Range | IO_L17P_T2_A14_D30_14        | INPUT       | LVCMOS18*   |      14 |            |      |                     |                 NONE |         | UNFIXED    |           |          |      | NONE             |
| U18        | d3[0]          | High Range | IO_L17N_T2_A13_D29_14        | INPUT       | LVCMOS18*   |      14 |            |      |                     |                 NONE |         | UNFIXED    |           |          |      | NONE             |
| V1         |                | High Range | IO_L7N_T1_34                 | User IO     |             |      34 |            |      |                     |                      |         |            |           |          |      |                  |
| V2         |                | High Range | IO_L9N_T1_DQS_34             | User IO     |             |      34 |            |      |                     |                      |         |            |           |          |      |                  |
| V3         |                |            | GND                          | GND         |             |         |            |      |                     |                      |     0.0 |            |           |          |      |                  |
| V4         |                | High Range | IO_L10N_T1_34                | User IO     |             |      34 |            |      |                     |                      |         |            |           |          |      |                  |
| V5         |                | High Range | IO_L10P_T1_34                | User IO     |             |      34 |            |      |                     |                      |         |            |           |          |      |                  |
| V6         |                | High Range | IO_L20N_T3_34                | User IO     |             |      34 |            |      |                     |                      |         |            |           |          |      |                  |
| V7         |                | High Range | IO_L20P_T3_34                | User IO     |             |      34 |            |      |                     |                      |         |            |           |          |      |                  |
| V8         |                | High Range | VCCO_34                      | VCCO        |             |      34 |            |      |                     |                      |    3.30 |            |           |          |      |                  |
| V9         | dp[7]          | High Range | IO_L21N_T3_DQS_34            | INPUT       | LVCMOS33    |      34 |            |      |                     |                 NONE |         | UNFIXED    |           |          |      | NONE             |
| V10        | d1[3]          | High Range | IO_L21P_T3_DQS_14            | INPUT       | LVCMOS18*   |      14 |            |      |                     |                 NONE |         | UNFIXED    |           |          |      | NONE             |
| V11        | d1[2]          | High Range | IO_L21N_T3_DQS_A06_D22_14    | INPUT       | LVCMOS18*   |      14 |            |      |                     |                 NONE |         | UNFIXED    |           |          |      | NONE             |
| V12        | d1[4]          | High Range | IO_L20N_T3_A07_D23_14        | INPUT       | LVCMOS18*   |      14 |            |      |                     |                 NONE |         | UNFIXED    |           |          |      | NONE             |
| V13        |                |            | GND                          | GND         |             |         |            |      |                     |                      |     0.0 |            |           |          |      |                  |
| V14        | d1[0]          | High Range | IO_L22N_T3_A04_D20_14        | INPUT       | LVCMOS18*   |      14 |            |      |                     |                 NONE |         | UNFIXED    |           |          |      | NONE             |
| V15        | d3[3]          | High Range | IO_L16P_T2_CSI_B_14          | INPUT       | LVCMOS18*   |      14 |            |      |                     |                 NONE |         | UNFIXED    |           |          |      | NONE             |
| V16        | d3[2]          | High Range | IO_L16N_T2_A15_D31_14        | INPUT       | LVCMOS18*   |      14 |            |      |                     |                 NONE |         | UNFIXED    |           |          |      | NONE             |
| V17        | d2[3]          | High Range | IO_L18N_T2_A11_D27_14        | INPUT       | LVCMOS18*   |      14 |            |      |                     |                 NONE |         | UNFIXED    |           |          |      | NONE             |
| V18        |                | High Range | VCCO_14                      | VCCO        |             |      14 |            |      |                     |                      |    1.80 |            |           |          |      |                  |
+------------+----------------+------------+------------------------------+-------------+-------------+---------+------------+------+---------------------+----------------------+---------+------------+-----------+----------+------+------------------+
* Default value
** Special VCCO requirements may apply. Please consult the device family datasheet for specific guideline on VCCO requirements.


