Release 14.7 - ngc2edif P_INT.20151103 (nt64)
Copyright (c) 1995-2013 Xilinx, Inc.  All rights reserved.
Reading design world_map.ngc ...
WARNING:NetListWriters:298 - No output is written to world_map.xncf, ignored.
Processing design ...
   Preping design's networks ...
   Preping design's macros ...
  finished :Prep
Writing EDIF netlist file world_map.edif ...
ngc2edif: Total memory usage is 78964 kilobytes

Release 14.7 - ngc2edif P_INT.20151103 (nt64)
Copyright (c) 1995-2013 Xilinx, Inc.  All rights reserved.
Reading design world_map.ngc ...
WARNING:NetListWriters:298 - No output is written to world_map.xncf, ignored.
Processing design ...
   Preping design's networks ...
   Preping design's macros ...
  finished :Prep
Writing EDIF netlist file world_map.edif ...
ngc2edif: Total memory usage is 79412 kilobytes

