#-----------------------------------------------------------
# Vivado v2015.4 (64-bit)
# SW Build 1412921 on Wed Nov 18 09:43:45 MST 2015
# IP Build 1412160 on Tue Nov 17 13:47:24 MST 2015
# Start of session at: Mon Dec 19 00:01:12 2016
# Process ID: 5452
# Current directory: E:/System_on_Chip/Projects/Final-Lode Runner/Project 2/project_1
# Command line: vivado.exe -gui_launcher_event rodinguilauncherevent3596 E:\System_on_Chip\Projects\Final-Lode Runner\Project 2\project_1\project_1.xpr
# Log file: E:/System_on_Chip/Projects/Final-Lode Runner/Project 2/project_1/vivado.log
# Journal file: E:/System_on_Chip/Projects/Final-Lode Runner/Project 2/project_1\vivado.jou
#-----------------------------------------------------------
start_gui
open_project {E:/System_on_Chip/Projects/Final-Lode Runner/Project 2/project_1/project_1.xpr}
Scanning sources...
Finished scanning sources
INFO: [IP_Flow 19-234] Refreshing IP repositories
INFO: [IP_Flow 19-1704] No user IP repositories specified
INFO: [IP_Flow 19-2313] Loaded Vivado IP repository 'C:/Xilinx/Vivado/2015.4/data/ip'.
open_project: Time (s): cpu = 00:00:34 ; elapsed = 00:00:41 . Memory (MB): peak = 867.348 ; gain = 287.273
WARNING: [IP_Flow 19-4067] Ignoring invalid widget type specified checkbox.Providing a default widget
WARNING: [IP_Flow 19-4067] Ignoring invalid widget type specified checkbox.Providing a default widget
